android/app/build/outputs/logs/manifest-merger-debug-report.txt
-- Merging decision tree log ---
manifest
INJECTED from src/main/AndroidManifest.xml:2:1-136:12
INJECTED from src/main/AndroidManifest.xml:2:1-136:12
INJECTED from src/main/AndroidManifest.xml:2:1-136:12
INJECTED from src/main/AndroidManifest.xml:2:1-136:12
MERGED from [:react-native-restart] AndroidManifest.xml:2:1-11:12
MERGED from [:react-native-wheel] AndroidManifest.xml:2:1-9:12
MERGED from [:jpush-react-native] AndroidManifest.xml:2:1-104:12
MERGED from [:react-native-code-push] AndroidManifest.xml:2:1-17:12
MERGED from [:jcore-react-native] AndroidManifest.xml:2:1-60:12
MERGED from [:react-native-picker] AndroidManifest.xml:2:1-11:12
MERGED from [:react-native-device-info] AndroidManifest.xml:2:1-11:12
MERGED from [com.facebook.react:react-native:0.45.1] AndroidManifest.xml:2:1-15:12
MERGED from [me.weyye.hipermission:library:1.0.7] AndroidManifest.xml:2:1-21:12
MERGED from [com.growingio.android:vds-android-agent:1.1.1] AndroidManifest.xml:2:1-15:12
MERGED from [com.google.android.gms:play-services-gcm:15.0.0] AndroidManifest.xml:17:1-28:12
MERGED from [com.android.support:appcompat-v7:25.1.0] AndroidManifest.xml:17:1-27:12
MERGED from [com.google.android.gms:play-services-iid:15.0.0] AndroidManifest.xml:17:1-28:12
MERGED from [com.google.android.gms:play-services-base:15.0.0] AndroidManifest.xml:17:1-29:12
MERGED from [com.google.android.gms:play-services-stats:15.0.0] AndroidManifest.xml:2:1-9:12
MERGED from [com.google.android.gms:play-services-tasks:15.0.0] AndroidManifest.xml:2:1-9:12
MERGED from [com.google.android.gms:play-services-basement:15.0.0] AndroidManifest.xml:17:1-28:12
MERGED from [com.android.support:support-v4:26.1.0] AndroidManifest.xml:17:1-31:12
MERGED from [com.android.support:support-media-compat:26.1.0] AndroidManifest.xml:17:1-31:12
MERGED from [com.android.support:support-fragment:26.1.0] AndroidManifest.xml:17:1-31:12
MERGED from [com.android.support:support-core-utils:26.1.0] AndroidManifest.xml:17:1-31:12
MERGED from [com.android.support:support-core-ui:26.1.0] AndroidManifest.xml:17:1-31:12
MERGED from [com.android.support:animated-vector-drawable:25.1.0] AndroidManifest.xml:17:1-24:12
MERGED from [com.android.support:support-vector-drawable:25.1.0] AndroidManifest.xml:17:1-25:12
MERGED from [com.android.support:support-compat:26.1.0] AndroidManifest.xml:17:1-31:12
MERGED from [com.facebook.fbui.textlayoutbuilder:textlayoutbuilder:1.0.0] AndroidManifest.xml:10:1-18:12
MERGED from [com.facebook.fresco:fresco:1.0.1] AndroidManifest.xml:2:1-9:12
MERGED from [com.facebook.fresco:imagepipeline-okhttp3:1.0.1] AndroidManifest.xml:2:1-9:12
MERGED from [com.facebook.soloader:soloader:0.1.0] AndroidManifest.xml:1:1-4:12
MERGED from [org.webkit:android-jsc:r174650] AndroidManifest.xml:1:1-3:12
MERGED from [com.facebook.fresco:drawee:1.0.1] AndroidManifest.xml:2:1-9:12
MERGED from [com.facebook.fresco:imagepipeline:1.0.1] AndroidManifest.xml:2:1-9:12
MERGED from [com.facebook.fresco:imagepipeline-base:1.0.1] AndroidManifest.xml:2:1-9:12
MERGED from [com.facebook.fresco:fbcore:1.0.1] AndroidManifest.xml:2:1-9:12
MERGED from [android.arch.lifecycle:runtime:1.0.0] AndroidManifest.xml:17:1-30:12
INJECTED from src/main/AndroidManifest.xml:2:1-136:12
INJECTED from src/main/AndroidManifest.xml:2:1-136:12
	package
		INJECTED from src/main/AndroidManifest.xml
		ADDED from src/main/AndroidManifest.xml:4:5-42
		INJECTED from src/main/AndroidManifest.xml
	android:versionName
		INJECTED from src/main/AndroidManifest.xml
		INJECTED from src/main/AndroidManifest.xml
		ADDED from src/main/AndroidManifest.xml:6:5-42
		INJECTED from src/main/AndroidManifest.xml
	xmlns:tools
		ADDED from src/main/AndroidManifest.xml:3:5-51
	xmlns:android
		ADDED from src/main/AndroidManifest.xml:2:11-69
	android:versionCode
		INJECTED from src/main/AndroidManifest.xml
		ADDED from src/main/AndroidManifest.xml:5:5-42
application
INJECTED from src/main/AndroidManifest.xml:39:5-134:19
INJECTED from src/main/AndroidManifest.xml:39:5-134:19
INJECTED from src/main/AndroidManifest.xml:39:5-134:19
MERGED from [:jpush-react-native] AndroidManifest.xml:38:5-102:19
MERGED from [:jpush-react-native] AndroidManifest.xml:38:5-102:19
MERGED from [:react-native-code-push] AndroidManifest.xml:13:5-15:19
MERGED from [:react-native-code-push] AndroidManifest.xml:13:5-15:19
MERGED from [:jcore-react-native] AndroidManifest.xml:11:5-58:19
MERGED from [:jcore-react-native] AndroidManifest.xml:11:5-58:19
MERGED from [com.facebook.react:react-native:0.45.1] AndroidManifest.xml:13:5-20
MERGED from [com.facebook.react:react-native:0.45.1] AndroidManifest.xml:13:5-20
MERGED from [me.weyye.hipermission:library:1.0.7] AndroidManifest.xml:11:5-19:19
MERGED from [me.weyye.hipermission:library:1.0.7] AndroidManifest.xml:11:5-19:19
MERGED from [com.google.android.gms:play-services-gcm:15.0.0] AndroidManifest.xml:26:5-20
MERGED from [com.google.android.gms:play-services-gcm:15.0.0] AndroidManifest.xml:26:5-20
MERGED from [com.android.support:appcompat-v7:25.1.0] AndroidManifest.xml:25:5-20
MERGED from [com.android.support:appcompat-v7:25.1.0] AndroidManifest.xml:25:5-20
MERGED from [com.google.android.gms:play-services-iid:15.0.0] AndroidManifest.xml:26:5-20
MERGED from [com.google.android.gms:play-services-iid:15.0.0] AndroidManifest.xml:26:5-20
MERGED from [com.google.android.gms:play-services-base:15.0.0] AndroidManifest.xml:22:5-27:19
MERGED from [com.google.android.gms:play-services-base:15.0.0] AndroidManifest.xml:22:5-27:19
MERGED from [com.google.android.gms:play-services-stats:15.0.0] AndroidManifest.xml:7:5-20
MERGED from [com.google.android.gms:play-services-stats:15.0.0] AndroidManifest.xml:7:5-20
MERGED from [com.google.android.gms:play-services-tasks:15.0.0] AndroidManifest.xml:7:5-20
MERGED from [com.google.android.gms:play-services-tasks:15.0.0] AndroidManifest.xml:7:5-20
MERGED from [com.google.android.gms:play-services-basement:15.0.0] AndroidManifest.xml:22:5-26:19
MERGED from [com.google.android.gms:play-services-basement:15.0.0] AndroidManifest.xml:22:5-26:19
MERGED from [com.android.support:support-v4:26.1.0] AndroidManifest.xml:25:5-29:19
MERGED from [com.android.support:support-v4:26.1.0] AndroidManifest.xml:25:5-29:19
MERGED from [com.android.support:support-media-compat:26.1.0] AndroidManifest.xml:25:5-29:19
MERGED from [com.android.support:support-media-compat:26.1.0] AndroidManifest.xml:25:5-29:19
MERGED from [com.android.support:support-fragment:26.1.0] AndroidManifest.xml:25:5-29:19
MERGED from [com.android.support:support-fragment:26.1.0] AndroidManifest.xml:25:5-29:19
MERGED from [com.android.support:support-core-utils:26.1.0] AndroidManifest.xml:25:5-29:19
MERGED from [com.android.support:support-core-utils:26.1.0] AndroidManifest.xml:25:5-29:19
MERGED from [com.android.support:support-core-ui:26.1.0] AndroidManifest.xml:25:5-29:19
MERGED from [com.android.support:support-core-ui:26.1.0] AndroidManifest.xml:25:5-29:19
MERGED from [com.android.support:animated-vector-drawable:25.1.0] AndroidManifest.xml:22:5-20
MERGED from [com.android.support:animated-vector-drawable:25.1.0] AndroidManifest.xml:22:5-20
MERGED from [com.android.support:support-vector-drawable:25.1.0] AndroidManifest.xml:23:5-20
MERGED from [com.android.support:support-vector-drawable:25.1.0] AndroidManifest.xml:23:5-20
MERGED from [com.android.support:support-compat:26.1.0] AndroidManifest.xml:25:5-29:19
MERGED from [com.android.support:support-compat:26.1.0] AndroidManifest.xml:25:5-29:19
MERGED from [com.facebook.soloader:soloader:0.1.0] AndroidManifest.xml:3:3-17
MERGED from [com.facebook.soloader:soloader:0.1.0] AndroidManifest.xml:3:3-17
MERGED from [org.webkit:android-jsc:r174650] AndroidManifest.xml:2:3-17
MERGED from [org.webkit:android-jsc:r174650] AndroidManifest.xml:2:3-17
MERGED from [android.arch.lifecycle:runtime:1.0.0] AndroidManifest.xml:24:5-28:19
MERGED from [android.arch.lifecycle:runtime:1.0.0] AndroidManifest.xml:24:5-28:19
	android:supportsRtl
		ADDED from src/main/AndroidManifest.xml:45:9-35
	android:label
		INJECTED from src/main/AndroidManifest.xml
		ADDED from src/main/AndroidManifest.xml:46:9-36
	android:hardwareAccelerated
		ADDED from src/main/AndroidManifest.xml:48:9-43
	android:roundIcon
		INJECTED from src/main/AndroidManifest.xml
		ADDED from src/main/AndroidManifest.xml:44:9-40
	android:configChanges
		ADDED from src/main/AndroidManifest.xml:42:9-70
	android:allowBackup
		ADDED from src/main/AndroidManifest.xml:41:9-35
		REJECTED from [me.weyye.hipermission:library:1.0.7] AndroidManifest.xml:12:9-35
	android:icon
		INJECTED from src/main/AndroidManifest.xml
		ADDED from src/main/AndroidManifest.xml:43:9-35
	android:theme
		ADDED from src/main/AndroidManifest.xml:47:9-40
	tools:replace
		ADDED from src/main/AndroidManifest.xml:49:9-58
	android:name
		ADDED from src/main/AndroidManifest.xml:40:9-40
activity#com.stateunion.p2p.etongdai.MainActivity
INJECTED from src/main/AndroidManifest.xml:51:9-93:20
	android:screenOrientation
		ADDED from src/main/AndroidManifest.xml:56:13-49
	android:label
		INJECTED from src/main/AndroidManifest.xml
		ADDED from src/main/AndroidManifest.xml:54:13-40
	android:launchMode
		ADDED from src/main/AndroidManifest.xml:55:13-44
	android:windowSoftInputMode
		ADDED from src/main/AndroidManifest.xml:57:13-55
	android:configChanges
		ADDED from src/main/AndroidManifest.xml:53:13-83
	android:name
		ADDED from src/main/AndroidManifest.xml:52:13-41
meta-data#CODEPUSH_KEY
INJECTED from src/main/AndroidManifest.xml:107:9-110:15
	android:value
		INJECTED from src/main/AndroidManifest.xml
		ADDED from src/main/AndroidManifest.xml:109:13-44
	android:name
		ADDED from src/main/AndroidManifest.xml:108:13-40
meta-data#JPUSH_CHANNEL
INJECTED from src/main/AndroidManifest.xml:111:9-113:48
	android:value
		INJECTED from src/main/AndroidManifest.xml
		ADDED from src/main/AndroidManifest.xml:113:13-45
	android:name
		ADDED from src/main/AndroidManifest.xml:112:13-41
meta-data#JPUSH_APPKEY
INJECTED from src/main/AndroidManifest.xml:114:9-116:47
	android:value
		INJECTED from src/main/AndroidManifest.xml
		ADDED from src/main/AndroidManifest.xml:116:13-44
	android:name
		ADDED from src/main/AndroidManifest.xml:115:13-40
meta-data#FRIEND_ID
INJECTED from src/main/AndroidManifest.xml:117:9-119:50
	android:value
		INJECTED from src/main/AndroidManifest.xml
		ADDED from src/main/AndroidManifest.xml:119:13-47
	android:name
		ADDED from src/main/AndroidManifest.xml:118:13-37
meta-data#ENVIRONMENT
INJECTED from src/main/AndroidManifest.xml:120:9-122:52
	android:value
		INJECTED from src/main/AndroidManifest.xml
		ADDED from src/main/AndroidManifest.xml:122:13-49
	android:name
		ADDED from src/main/AndroidManifest.xml:121:13-39
meta-data#UMENG_CHANNEL
INJECTED from src/main/AndroidManifest.xml:127:9-129:54
	android:value
		INJECTED from src/main/AndroidManifest.xml
		ADDED from src/main/AndroidManifest.xml:129:13-51
	android:name
		ADDED from src/main/AndroidManifest.xml:128:13-41
meta-data#com.growingio.android.GConfig.Channel
INJECTED from src/main/AndroidManifest.xml:131:9-133:54
	android:value
		INJECTED from src/main/AndroidManifest.xml
		ADDED from src/main/AndroidManifest.xml:133:13-51
	android:name
		ADDED from src/main/AndroidManifest.xml:132:13-65
uses-sdk
INJECTED from src/main/AndroidManifest.xml:8:5-10:41
INJECTED from src/main/AndroidManifest.xml:8:5-10:41
MERGED from [:react-native-restart] AndroidManifest.xml:7:5-9:41
MERGED from [:react-native-restart] AndroidManifest.xml:7:5-9:41
MERGED from [:react-native-wheel] AndroidManifest.xml:5:5-7:41
MERGED from [:react-native-wheel] AndroidManifest.xml:5:5-7:41
MERGED from [:jpush-react-native] AndroidManifest.xml:7:5-9:41
MERGED from [:jpush-react-native] AndroidManifest.xml:7:5-9:41
MERGED from [:react-native-code-push] AndroidManifest.xml:7:5-9:41
MERGED from [:react-native-code-push] AndroidManifest.xml:7:5-9:41
MERGED from [:jcore-react-native] AndroidManifest.xml:7:5-9:41
MERGED from [:jcore-react-native] AndroidManifest.xml:7:5-9:41
MERGED from [:react-native-picker] AndroidManifest.xml:7:5-9:41
MERGED from [:react-native-picker] AndroidManifest.xml:7:5-9:41
MERGED from [:react-native-device-info] AndroidManifest.xml:7:5-9:41
MERGED from [:react-native-device-info] AndroidManifest.xml:7:5-9:41
MERGED from [com.facebook.react:react-native:0.45.1] AndroidManifest.xml:7:5-9:41
MERGED from [com.facebook.react:react-native:0.45.1] AndroidManifest.xml:7:5-9:41
MERGED from [me.weyye.hipermission:library:1.0.7] AndroidManifest.xml:7:5-9:41
MERGED from [me.weyye.hipermission:library:1.0.7] AndroidManifest.xml:7:5-9:41
MERGED from [com.growingio.android:vds-android-agent:1.1.1] AndroidManifest.xml:6:5-8:41
MERGED from [com.growingio.android:vds-android-agent:1.1.1] AndroidManifest.xml:6:5-8:41
MERGED from [com.google.android.gms:play-services-gcm:15.0.0] AndroidManifest.xml:20:5-44
MERGED from [com.google.android.gms:play-services-gcm:15.0.0] AndroidManifest.xml:20:5-44
MERGED from [com.android.support:appcompat-v7:25.1.0] AndroidManifest.xml:21:5-23:78
MERGED from [com.android.support:appcompat-v7:25.1.0] AndroidManifest.xml:21:5-23:78
MERGED from [com.google.android.gms:play-services-iid:15.0.0] AndroidManifest.xml:20:5-44
MERGED from [com.google.android.gms:play-services-iid:15.0.0] AndroidManifest.xml:20:5-44
MERGED from [com.google.android.gms:play-services-base:15.0.0] AndroidManifest.xml:20:5-44
MERGED from [com.google.android.gms:play-services-base:15.0.0] AndroidManifest.xml:20:5-44
MERGED from [com.google.android.gms:play-services-stats:15.0.0] AndroidManifest.xml:5:5-44
MERGED from [com.google.android.gms:play-services-stats:15.0.0] AndroidManifest.xml:5:5-44
MERGED from [com.google.android.gms:play-services-tasks:15.0.0] AndroidManifest.xml:5:5-44
MERGED from [com.google.android.gms:play-services-tasks:15.0.0] AndroidManifest.xml:5:5-44
MERGED from [com.google.android.gms:play-services-basement:15.0.0] AndroidManifest.xml:20:5-44
MERGED from [com.google.android.gms:play-services-basement:15.0.0] AndroidManifest.xml:20:5-44
MERGED from [com.android.support:support-v4:26.1.0] AndroidManifest.xml:21:5-23:54
MERGED from [com.android.support:support-v4:26.1.0] AndroidManifest.xml:21:5-23:54
MERGED from [com.android.support:support-media-compat:26.1.0] AndroidManifest.xml:21:5-23:63
MERGED from [com.android.support:support-media-compat:26.1.0] AndroidManifest.xml:21:5-23:63
MERGED from [com.android.support:support-fragment:26.1.0] AndroidManifest.xml:21:5-23:60
MERGED from [com.android.support:support-fragment:26.1.0] AndroidManifest.xml:21:5-23:60
MERGED from [com.android.support:support-core-utils:26.1.0] AndroidManifest.xml:21:5-23:61
MERGED from [com.android.support:support-core-utils:26.1.0] AndroidManifest.xml:21:5-23:61
MERGED from [com.android.support:support-core-ui:26.1.0] AndroidManifest.xml:21:5-23:58
MERGED from [com.android.support:support-core-ui:26.1.0] AndroidManifest.xml:21:5-23:58
MERGED from [com.android.support:animated-vector-drawable:25.1.0] AndroidManifest.xml:20:5-44
MERGED from [com.android.support:animated-vector-drawable:25.1.0] AndroidManifest.xml:20:5-44
MERGED from [com.android.support:support-vector-drawable:25.1.0] AndroidManifest.xml:21:5-43
MERGED from [com.android.support:support-vector-drawable:25.1.0] AndroidManifest.xml:21:5-43
MERGED from [com.android.support:support-compat:26.1.0] AndroidManifest.xml:21:5-23:58
MERGED from [com.android.support:support-compat:26.1.0] AndroidManifest.xml:21:5-23:58
MERGED from [com.facebook.fbui.textlayoutbuilder:textlayoutbuilder:1.0.0] AndroidManifest.xml:14:5-16:41
MERGED from [com.facebook.fbui.textlayoutbuilder:textlayoutbuilder:1.0.0] AndroidManifest.xml:14:5-16:41
MERGED from [com.facebook.fresco:fresco:1.0.1] AndroidManifest.xml:5:5-7:41
MERGED from [com.facebook.fresco:fresco:1.0.1] AndroidManifest.xml:5:5-7:41
MERGED from [com.facebook.fresco:imagepipeline-okhttp3:1.0.1] AndroidManifest.xml:5:5-7:41
MERGED from [com.facebook.fresco:imagepipeline-okhttp3:1.0.1] AndroidManifest.xml:5:5-7:41
MERGED from [com.facebook.soloader:soloader:0.1.0] AndroidManifest.xml:2:3-70
MERGED from [com.facebook.soloader:soloader:0.1.0] AndroidManifest.xml:2:3-70
MERGED from [com.facebook.fresco:drawee:1.0.1] AndroidManifest.xml:5:5-7:41
MERGED from [com.facebook.fresco:drawee:1.0.1] AndroidManifest.xml:5:5-7:41
MERGED from [com.facebook.fresco:imagepipeline:1.0.1] AndroidManifest.xml:5:5-7:41
MERGED from [com.facebook.fresco:imagepipeline:1.0.1] AndroidManifest.xml:5:5-7:41
MERGED from [com.facebook.fresco:imagepipeline-base:1.0.1] AndroidManifest.xml:5:5-7:41
MERGED from [com.facebook.fresco:imagepipeline-base:1.0.1] AndroidManifest.xml:5:5-7:41
MERGED from [com.facebook.fresco:fbcore:1.0.1] AndroidManifest.xml:5:5-7:41
MERGED from [com.facebook.fresco:fbcore:1.0.1] AndroidManifest.xml:5:5-7:41
MERGED from [android.arch.lifecycle:runtime:1.0.0] AndroidManifest.xml:20:5-22:41
MERGED from [android.arch.lifecycle:runtime:1.0.0] AndroidManifest.xml:20:5-22:41
INJECTED from src/main/AndroidManifest.xml:8:5-10:41
INJECTED from src/main/AndroidManifest.xml:8:5-10:41
	tools:overrideLibrary
		ADDED from [com.android.support:appcompat-v7:25.1.0] AndroidManifest.xml:23:9-75
	android:targetSdkVersion
		INJECTED from src/main/AndroidManifest.xml
		ADDED from src/main/AndroidManifest.xml:10:9-38
		INJECTED from src/main/AndroidManifest.xml
	android:minSdkVersion
		INJECTED from src/main/AndroidManifest.xml
		ADDED from src/main/AndroidManifest.xml:9:9-35
		INJECTED from src/main/AndroidManifest.xml
supports-screens
ADDED from src/main/AndroidManifest.xml:12:5-17:39
	android:largeScreens
		ADDED from src/main/AndroidManifest.xml:14:9-36
	android:smallScreens
		ADDED from src/main/AndroidManifest.xml:17:9-36
	android:normalScreens
		ADDED from src/main/AndroidManifest.xml:15:9-37
	android:resizeable
		ADDED from src/main/AndroidManifest.xml:16:9-34
	android:anyDensity
		ADDED from src/main/AndroidManifest.xml:13:9-34
uses-permission#android.permission.RECEIVE_USER_PRESENT
ADDED from src/main/AndroidManifest.xml:19:5-79
MERGED from [:jpush-react-native] AndroidManifest.xml:17:5-79
MERGED from [:jpush-react-native] AndroidManifest.xml:17:5-79
	android:name
		ADDED from src/main/AndroidManifest.xml:19:22-76
uses-permission#android.permission.WAKE_LOCK
ADDED from src/main/AndroidManifest.xml:20:5-68
MERGED from [:jpush-react-native] AndroidManifest.xml:19:5-68
MERGED from [:jpush-react-native] AndroidManifest.xml:19:5-68
	android:name
		ADDED from src/main/AndroidManifest.xml:20:22-65
uses-permission#android.permission.WRITE_SETTINGS
ADDED from src/main/AndroidManifest.xml:21:5-73
MERGED from [:jpush-react-native] AndroidManifest.xml:23:5-73
MERGED from [:jpush-react-native] AndroidManifest.xml:23:5-73
	android:name
		ADDED from src/main/AndroidManifest.xml:21:22-70
uses-permission#android.permission.VIBRATE
ADDED from src/main/AndroidManifest.xml:22:5-66
MERGED from [:jpush-react-native] AndroidManifest.xml:24:5-66
MERGED from [:jpush-react-native] AndroidManifest.xml:24:5-66
	android:name
		ADDED from src/main/AndroidManifest.xml:22:22-63
uses-permission#android.permission.MOUNT_UNMOUNT_FILESYSTEMS
ADDED from src/main/AndroidManifest.xml:23:5-84
MERGED from [:jpush-react-native] AndroidManifest.xml:25:5-84
MERGED from [:jpush-react-native] AndroidManifest.xml:25:5-84
	android:name
		ADDED from src/main/AndroidManifest.xml:23:22-81
uses-permission#android.permission.INTERNET
ADDED from src/main/AndroidManifest.xml:25:5-67
MERGED from [:jpush-react-native] AndroidManifest.xml:18:5-67
MERGED from [:jpush-react-native] AndroidManifest.xml:18:5-67
MERGED from [:react-native-code-push] AndroidManifest.xml:11:5-67
MERGED from [:react-native-code-push] AndroidManifest.xml:11:5-67
MERGED from [com.growingio.android:vds-android-agent:1.1.1] AndroidManifest.xml:10:5-67
MERGED from [com.growingio.android:vds-android-agent:1.1.1] AndroidManifest.xml:10:5-67
MERGED from [com.google.android.gms:play-services-gcm:15.0.0] AndroidManifest.xml:24:5-67
MERGED from [com.google.android.gms:play-services-gcm:15.0.0] AndroidManifest.xml:24:5-67
MERGED from [com.google.android.gms:play-services-iid:15.0.0] AndroidManifest.xml:24:5-67
MERGED from [com.google.android.gms:play-services-iid:15.0.0] AndroidManifest.xml:24:5-67
	android:name
		ADDED from src/main/AndroidManifest.xml:25:22-64
uses-permission#android.permission.READ_CONTACTS
ADDED from src/main/AndroidManifest.xml:27:5-72
	android:name
		ADDED from src/main/AndroidManifest.xml:27:22-69
uses-permission#android.permission.WRITE_CONTACTS
ADDED from src/main/AndroidManifest.xml:28:5-73
	android:name
		ADDED from src/main/AndroidManifest.xml:28:22-70
uses-permission#android.permission.READ_PHONE_STATE
ADDED from src/main/AndroidManifest.xml:29:5-75
MERGED from [:jpush-react-native] AndroidManifest.xml:20:5-75
MERGED from [:jpush-react-native] AndroidManifest.xml:20:5-75
MERGED from [com.growingio.android:vds-android-agent:1.1.1] AndroidManifest.xml:13:5-75
MERGED from [com.growingio.android:vds-android-agent:1.1.1] AndroidManifest.xml:13:5-75
	android:name
		ADDED from src/main/AndroidManifest.xml:29:22-72
uses-permission#android.permission.WRITE_EXTERNAL_STORAGE
ADDED from src/main/AndroidManifest.xml:30:5-81
MERGED from [:jpush-react-native] AndroidManifest.xml:21:5-81
MERGED from [:jpush-react-native] AndroidManifest.xml:21:5-81
	android:name
		ADDED from src/main/AndroidManifest.xml:30:22-78
uses-permission#android.permission.READ_EXTERNAL_STORAGE
ADDED from src/main/AndroidManifest.xml:31:5-80
MERGED from [:jpush-react-native] AndroidManifest.xml:22:5-80
MERGED from [:jpush-react-native] AndroidManifest.xml:22:5-80
	android:name
		ADDED from src/main/AndroidManifest.xml:31:22-77
uses-permission#android.permission.ACCESS_NETWORK_STATE
ADDED from src/main/AndroidManifest.xml:32:5-79
MERGED from [:jpush-react-native] AndroidManifest.xml:26:5-79
MERGED from [:jpush-react-native] AndroidManifest.xml:26:5-79
MERGED from [com.growingio.android:vds-android-agent:1.1.1] AndroidManifest.xml:11:5-79
MERGED from [com.growingio.android:vds-android-agent:1.1.1] AndroidManifest.xml:11:5-79
	android:name
		ADDED from src/main/AndroidManifest.xml:32:22-76
uses-permission#android.permission.ACCESS_WIFI_STATE
ADDED from src/main/AndroidManifest.xml:33:5-76
MERGED from [:jpush-react-native] AndroidManifest.xml:27:5-76
MERGED from [:jpush-react-native] AndroidManifest.xml:27:5-76
MERGED from [com.growingio.android:vds-android-agent:1.1.1] AndroidManifest.xml:12:5-76
MERGED from [com.growingio.android:vds-android-agent:1.1.1] AndroidManifest.xml:12:5-76
	android:name
		ADDED from src/main/AndroidManifest.xml:33:22-73
uses-permission#android.permission.CHANGE_NETWORK_STATE
ADDED from src/main/AndroidManifest.xml:34:5-79
MERGED from [:jpush-react-native] AndroidManifest.xml:35:5-79
MERGED from [:jpush-react-native] AndroidManifest.xml:35:5-79
	android:name
		ADDED from src/main/AndroidManifest.xml:34:22-76
uses-permission#android.permission.CHANGE_WIFI_STATE
ADDED from src/main/AndroidManifest.xml:35:5-76
MERGED from [:jpush-react-native] AndroidManifest.xml:32:5-76
MERGED from [:jpush-react-native] AndroidManifest.xml:32:5-76
	android:name
		ADDED from src/main/AndroidManifest.xml:35:22-73
uses-permission#android.permission.BLUETOOTH
ADDED from src/main/AndroidManifest.xml:36:5-68
	android:name
		ADDED from src/main/AndroidManifest.xml:36:22-65
uses-permission#android.permission.READ_LOGS
ADDED from src/main/AndroidManifest.xml:37:5-68
	android:name
		ADDED from src/main/AndroidManifest.xml:37:22-65
intent-filter#action:name:android.intent.action.MAIN+category:name:android.intent.category.LAUNCHER
ADDED from src/main/AndroidManifest.xml:58:13-62:29
action#android.intent.action.MAIN
ADDED from src/main/AndroidManifest.xml:59:17-69
	android:name
		ADDED from src/main/AndroidManifest.xml:59:25-66
category#android.intent.category.LAUNCHER
ADDED from src/main/AndroidManifest.xml:61:17-77
	android:name
		ADDED from src/main/AndroidManifest.xml:61:27-74
intent-filter#action:name:android.intent.action.VIEW+category:name:android.intent.category.BROWSABLE+category:name:android.intent.category.DEFAULT+data:scheme:growing.b2da8b6e33aa5ef6
ADDED from src/main/AndroidManifest.xml:64:13-70:29
data
ADDED from src/main/AndroidManifest.xml:65:17-67
	android:host
		ADDED from src/main/AndroidManifest.xml:80:21-48
	android:scheme
		ADDED from src/main/AndroidManifest.xml:65:23-64
action#android.intent.action.VIEW
ADDED from src/main/AndroidManifest.xml:66:17-69
	android:name
		ADDED from src/main/AndroidManifest.xml:66:25-66
category#android.intent.category.DEFAULT
ADDED from src/main/AndroidManifest.xml:68:17-76
	android:name
		ADDED from src/main/AndroidManifest.xml:68:27-73
category#android.intent.category.BROWSABLE
ADDED from src/main/AndroidManifest.xml:69:17-78
	android:name
		ADDED from src/main/AndroidManifest.xml:69:27-75
intent-filter#action:name:android.intent.action.VIEW+category:name:android.intent.category.BROWSABLE+category:name:android.intent.category.DEFAULT+data:host:etongdai.app+data:host:etongdai.com+data:host:etongdai.com+data:host:etongdai.com+data:scheme:etongdai+data:scheme:etongdai+data:scheme:http+data:scheme:https
ADDED from src/main/AndroidManifest.xml:73:13-91:29
	android:autoVerify
		ADDED from src/main/AndroidManifest.xml:73:28-53
activity#com.facebook.react.devsupport.DevSettingsActivity
ADDED from src/main/AndroidManifest.xml:95:9-97:52
MERGED from [:react-native-code-push] AndroidManifest.xml:14:9-86
MERGED from [:react-native-code-push] AndroidManifest.xml:14:9-86
	android:screenOrientation
		ADDED from src/main/AndroidManifest.xml:97:13-49
	android:name
		ADDED from src/main/AndroidManifest.xml:96:13-77
activity#com.stateunion.p2p.etongdai.wxapi.WXEntryActivity
ADDED from src/main/AndroidManifest.xml:98:9-103:75
	android:screenOrientation
		ADDED from src/main/AndroidManifest.xml:102:13-49
	android:exported
		ADDED from src/main/AndroidManifest.xml:101:13-36
	android:configChanges
		ADDED from src/main/AndroidManifest.xml:100:13-44
	android:theme
		ADDED from src/main/AndroidManifest.xml:103:13-72
	android:name
		ADDED from src/main/AndroidManifest.xml:99:13-50
service#com.stateunion.p2p.etongdai.update.UpdateService
ADDED from src/main/AndroidManifest.xml:105:9-57
	android:name
		ADDED from src/main/AndroidManifest.xml:105:18-54
meta-data#UMENG_APPKEY
ADDED from src/main/AndroidManifest.xml:124:9-126:56
	android:value
		ADDED from src/main/AndroidManifest.xml:126:13-53
	android:name
		ADDED from src/main/AndroidManifest.xml:125:13-40
permission#${applicationId}.permission.JPUSH_MESSAGE
ADDED from [:jpush-react-native] AndroidManifest.xml:11:5-13:47
	android:protectionLevel
		ADDED from [:jpush-react-native] AndroidManifest.xml:13:9-44
	android:name
		ADDED from [:jpush-react-native] AndroidManifest.xml:12:9-65
permission#com.stateunion.p2p.etongdai.permission.JPUSH_MESSAGE
ADDED from [:jpush-react-native] AndroidManifest.xml:11:5-13:47
	android:protectionLevel
		ADDED from [:jpush-react-native] AndroidManifest.xml:13:9-44
	android:name
		ADDED from [:jpush-react-native] AndroidManifest.xml:12:9-65
uses-permission#${applicationId}.permission.JPUSH_MESSAGE
ADDED from [:jpush-react-native] AndroidManifest.xml:16:5-81
	android:name
		ADDED from [:jpush-react-native] AndroidManifest.xml:16:22-78
uses-permission#com.stateunion.p2p.etongdai.permission.JPUSH_MESSAGE
ADDED from [:jpush-react-native] AndroidManifest.xml:16:5-81
	android:name
		ADDED from [:jpush-react-native] AndroidManifest.xml:16:22-78
uses-permission#android.permission.SYSTEM_ALERT_WINDOW
ADDED from [:jpush-react-native] AndroidManifest.xml:30:5-78
MERGED from [com.facebook.react:react-native:0.45.1] AndroidManifest.xml:11:5-78
MERGED from [com.facebook.react:react-native:0.45.1] AndroidManifest.xml:11:5-78
	android:name
		ADDED from [:jpush-react-native] AndroidManifest.xml:30:22-75
uses-permission#android.permission.ACCESS_COARSE_LOCATION
ADDED from [:jpush-react-native] AndroidManifest.xml:31:5-81
	android:name
		ADDED from [:jpush-react-native] AndroidManifest.xml:31:22-78
uses-permission#android.permission.ACCESS_FINE_LOCATION
ADDED from [:jpush-react-native] AndroidManifest.xml:33:5-79
	android:name
		ADDED from [:jpush-react-native] AndroidManifest.xml:33:22-76
uses-permission#android.permission.ACCESS_LOCATION_EXTRA_COMMANDS
ADDED from [:jpush-react-native] AndroidManifest.xml:34:5-89
	android:name
		ADDED from [:jpush-react-native] AndroidManifest.xml:34:22-86
uses-permission#android.permission.GET_TASKS
ADDED from [:jpush-react-native] AndroidManifest.xml:36:5-68
	android:name
		ADDED from [:jpush-react-native] AndroidManifest.xml:36:22-65
activity#cn.jpush.android.ui.PushActivity
ADDED from [:jpush-react-native] AndroidManifest.xml:41:9-52:20
	android:exported
		ADDED from [:jpush-react-native] AndroidManifest.xml:44:13-37
	android:configChanges
		ADDED from [:jpush-react-native] AndroidManifest.xml:43:13-63
	android:theme
		ADDED from [:jpush-react-native] AndroidManifest.xml:45:13-60
	android:name
		ADDED from [:jpush-react-native] AndroidManifest.xml:42:13-60
intent-filter#action:name:cn.jpush.android.ui.PushActivity+category:name:${applicationId}+category:name:android.intent.category.DEFAULT
ADDED from [:jpush-react-native] AndroidManifest.xml:46:13-51:29
intent-filter#action:name:cn.jpush.android.ui.PushActivity+category:name:android.intent.category.DEFAULT+category:name:com.stateunion.p2p.etongdai
ADDED from [:jpush-react-native] AndroidManifest.xml:46:13-51:29
action#cn.jpush.android.ui.PushActivity
ADDED from [:jpush-react-native] AndroidManifest.xml:47:17-75
	android:name
		ADDED from [:jpush-react-native] AndroidManifest.xml:47:25-72
category#${applicationId}
ADDED from [:jpush-react-native] AndroidManifest.xml:50:17-61
	android:name
		ADDED from [:jpush-react-native] AndroidManifest.xml:50:27-58
category#com.stateunion.p2p.etongdai
ADDED from [:jpush-react-native] AndroidManifest.xml:50:17-61
	android:name